#
# There is insufficient memory for the Java Runtime Environment to continue.
# Native memory allocation (malloc) failed to allocate 181456 bytes for Chunk::new
# Possible reasons:
#   The system is out of physical RAM or swap space
#   In 32 bit mode, the process size limit was hit
# Possible solutions:
#   Reduce memory load on the system
#   Increase physical memory or swap space
#   Check if swap backing store is full
#   Use 64 bit Java on a 64 bit OS
#   Decrease Java heap size (-Xmx/-Xms)
#   Decrease number of Java threads
#   Decrease Java thread stack sizes (-Xss)
#   Set larger code cache with -XX:ReservedCodeCacheSize=
# This output file may be truncated or incomplete.
#
#  Out of Memory Error (allocation.cpp:390), pid=4112, tid=0x0000000000000908
#
# JRE version: OpenJDK Runtime Environment (8.0_112-b06) (build 1.8.0_112-release-b06)
# Java VM: OpenJDK 64-Bit Server VM (25.112-b06 mixed mode windows-amd64 compressed oops)
# Failed to write core dump. Minidumps are not enabled by default on client versions of Windows
#

---------------  T H R E A D  ---------------

Current thread (0x0000000057355000):  JavaThread "C2 CompilerThread1" daemon [_thread_in_native, id=2312, stack(0x0000000056ed0000,0x0000000056fd0000)]

Stack: [0x0000000056ed0000,0x0000000056fd0000]
[error occurred during error reporting (printing stack bounds), id 0xc0000005]

Native frames: (J=compiled Java code, j=interpreted, Vv=VM code, C=native code)


Current CompileTask:
C2:10703789 22440       4       org.gradle.internal.serialize.MapSerializer::read (68 bytes)


---------------  P R O C E S S  ---------------

Java Threads: ( => current thread )
  0x000000005cad2000 JavaThread "Cache update executor" [_thread_blocked, id=4028, stack(0x000000005b600000,0x000000005b700000)]
  0x000000005cfa8800 JavaThread "Stdin handler" [_thread_blocked, id=5504, stack(0x0000000062300000,0x0000000062400000)]
  0x000000005cfa7000 JavaThread "Asynchronous log dispatcher for DefaultDaemonConnection: socket connection from /127.0.0.1:49440 to /127.0.0.1:60850" [_thread_blocked, id=4612, stack(0x000000005e530000,0x000000005e630000)]
  0x000000005cfa1800 JavaThread "Daemon worker Thread 21" [_thread_in_native, id=3036, stack(0x000000005b4f0000,0x000000005b5f0000)]
  0x000000005cfa4800 JavaThread "Cancel handler" [_thread_blocked, id=2232, stack(0x000000005aa40000,0x000000005ab40000)]
  0x000000005cfa4000 JavaThread "Handler for socket connection from /127.0.0.1:49440 to /127.0.0.1:60850" [_thread_in_native, id=5628, stack(0x000000005b180000,0x000000005b280000)]
  0x000000005cfa6000 JavaThread "Daemon Thread 21" [_thread_blocked, id=5112, stack(0x000000005b2a0000,0x000000005b3a0000)]
  0x00000000582e9000 JavaThread "pool-11-thread-4" [_thread_blocked, id=788, stack(0x0000000064120000,0x0000000064220000)]
  0x000000005a4cc800 JavaThread "pool-11-thread-3" [_thread_blocked, id=3296, stack(0x0000000062ed0000,0x0000000062fd0000)]
  0x00000000582ea800 JavaThread "pool-11-thread-2" [_thread_blocked, id=3924, stack(0x0000000063e20000,0x0000000063f20000)]
  0x00000000582e9800 JavaThread "pool-11-thread-1" [_thread_blocked, id=3656, stack(0x0000000063c50000,0x0000000063d50000)]
  0x000000005c3f0000 JavaThread "File lock request listener" [_thread_in_native, id=2772, stack(0x000000005b080000,0x000000005b180000)]
  0x0000000059335000 JavaThread "pool-1-thread-1" [_thread_blocked, id=3824, stack(0x000000005b9d0000,0x000000005bad0000)]
  0x0000000059618800 JavaThread "Incoming local TCP Connector on port 49440" [_thread_in_native, id=1320, stack(0x0000000058830000,0x0000000058930000)]
  0x00000000573b8800 JavaThread "Service Thread" daemon [_thread_blocked, id=752, stack(0x0000000057d70000,0x0000000057e70000)]
  0x0000000057356000 JavaThread "C1 CompilerThread2" daemon [_thread_blocked, id=1420, stack(0x0000000057790000,0x0000000057890000)]
=>0x0000000057355000 JavaThread "C2 CompilerThread1" daemon [_thread_in_native, id=2312, stack(0x0000000056ed0000,0x0000000056fd0000)]
  0x000000005733b800 JavaThread "C2 CompilerThread0" daemon [_thread_blocked, id=2380, stack(0x0000000057c20000,0x0000000057d20000)]
  0x0000000057338800 JavaThread "Attach Listener" daemon [_thread_blocked, id=2664, stack(0x0000000057a50000,0x0000000057b50000)]
  0x0000000055fce800 JavaThread "Signal Dispatcher" daemon [_thread_blocked, id=1628, stack(0x00000000578c0000,0x00000000579c0000)]
  0x0000000055faa800 JavaThread "Finalizer" daemon [_thread_blocked, id=756, stack(0x0000000057130000,0x0000000057230000)]
  0x0000000055f63800 JavaThread "Reference Handler" daemon [_thread_blocked, id=1260, stack(0x0000000057230000,0x0000000057330000)]
  0x000000000229d800 JavaThread "main" [_thread_blocked, id=4344, stack(0x00000000022d0000,0x00000000023d0000)]

Other Threads:
  0x0000000055f58800 VMThread [stack: 0x0000000056fe0000,0x00000000570e0000] [id=1032]
  0x00000000573b9800 WatcherThread [stack: 0x0000000057f10000,0x0000000058010000] [id=2656]

VM state:not at safepoint (normal execution)

VM Mutex/Monitor currently owned by a thread: None

Heap:
 PSYoungGen      total 123392K, used 24264K [0x00000000e0000000, 0x00000000ea080000, 0x0000000100000000)
  eden space 115200K, 14% used [0x00000000e0000000,0x00000000e0fe0348,0x00000000e7080000)
  from space 8192K, 97% used [0x00000000e7400000,0x00000000e7bd1e78,0x00000000e7c00000)
  to   space 24576K, 0% used [0x00000000e8880000,0x00000000e8880000,0x00000000ea080000)
 ParOldGen       total 131072K, used 79098K [0x00000000a0000000, 0x00000000a8000000, 0x00000000e0000000)
  object space 131072K, 60% used [0x00000000a0000000,0x00000000a4d3e860,0x00000000a8000000)
 Metaspace       used 87642K, capacity 95106K, committed 95232K, reserved 1132544K
  class space    used 11232K, capacity 12274K, committed 12288K, reserved 1048576K

Card table byte_map: [0x0000000011790000,0x0000000011aa0000] byte_map_base: 0x0000000011290000

Marking Bits: (ParMarkBitMap*) 0x000000006a6418f0
 Begin Bits: [0x00000000122d0000, 0x0000000013ad0000)
 End Bits:   [0x0000000013ad0000, 0x00000000152d0000)

Polling page: 0x0000000000110000

CodeCache: size=245760Kb used=64198Kb max_used=64207Kb free=181561Kb
 bounds [0x00000000023d0000, 0x00000000062f0000, 0x00000000113d0000]
 total_blobs=18415 nmethods=17618 adapters=708
 compilation: enabled

Compilation events (10 events):
Event: 10702.656 Thread 0x0000000057355000 22436       4       com.google.common.collect.AbstractListMultimap::put (7 bytes)
Event: 10702.657 Thread 0x0000000057355000 nmethod 22436 0x000000000527a610 code [0x000000000527a760, 0x000000000527a7c8]
Event: 10702.657 Thread 0x000000005733b800 nmethod 22435 0x00000000041d3110 code [0x00000000041d3260, 0x00000000041d3348]
Event: 10702.661 Thread 0x0000000057356000 22437       3       org.gradle.cache.PersistentIndexedCacheParameters::<init> (20 bytes)
Event: 10702.661 Thread 0x0000000057356000 nmethod 22437 0x000000000439d210 code [0x000000000439d360, 0x000000000439d550]
Event: 10702.661 Thread 0x0000000057356000 22438       3       org.gradle.cache.internal.DefaultCacheFactory$ReferenceTrackingCache::createCache (14 bytes)
Event: 10702.662 Thread 0x0000000057356000 nmethod 22438 0x0000000003a26050 code [0x0000000003a261c0, 0x0000000003a263e8]
Event: 10702.817 Thread 0x0000000057356000 22439       3       org.gradle.internal.hash.HashUtil::createCompactMD5 (10 bytes)
Event: 10702.818 Thread 0x0000000057356000 nmethod 22439 0x0000000002676d90 code [0x0000000002676fa0, 0x0000000002677928]
Event: 10702.921 Thread 0x0000000057355000 22440       4       org.gradle.internal.serialize.MapSerializer::read (68 bytes)

GC Heap History (10 events):
Event: 10096.766 GC heap before
{Heap before GC invocations=34 (full 3):
 PSYoungGen      total 152064K, used 151872K [0x00000000e0000000, 0x00000000ed000000, 0x0000000100000000)
  eden space 134656K, 100% used [0x00000000e0000000,0x00000000e8380000,0x00000000e8380000)
  from space 17408K, 98% used [0x00000000ebf00000,0x00000000ecfd0050,0x00000000ed000000)
  to   space 26624K, 0% used [0x00000000e9c00000,0x00000000e9c00000,0x00000000eb600000)
 ParOldGen       total 131072K, used 78590K [0x00000000a0000000, 0x00000000a8000000, 0x00000000e0000000)
  object space 131072K, 59% used [0x00000000a0000000,0x00000000a4cbf850,0x00000000a8000000)
 Metaspace       used 87424K, capacity 94714K, committed 94976K, reserved 1132544K
  class space    used 11215K, capacity 12256K, committed 12288K, reserved 1048576K
Event: 10096.776 GC heap after
Heap after GC invocations=34 (full 3):
 PSYoungGen      total 136704K, used 6039K [0x00000000e0000000, 0x00000000ebf80000, 0x0000000100000000)
  eden space 130560K, 0% used [0x00000000e0000000,0x00000000e0000000,0x00000000e7f80000)
  from space 6144K, 98% used [0x00000000e9c00000,0x00000000ea1e5e68,0x00000000ea200000)
  to   space 26624K, 0% used [0x00000000ea580000,0x00000000ea580000,0x00000000ebf80000)
 ParOldGen       total 131072K, used 78662K [0x00000000a0000000, 0x00000000a8000000, 0x00000000e0000000)
  object space 131072K, 60% used [0x00000000a0000000,0x00000000a4cd1850,0x00000000a8000000)
 Metaspace       used 87424K, capacity 94714K, committed 94976K, reserved 1132544K
  class space    used 11215K, capacity 12256K, committed 12288K, reserved 1048576K
}
Event: 10105.937 GC heap before
{Heap before GC invocations=35 (full 3):
 PSYoungGen      total 136704K, used 136599K [0x00000000e0000000, 0x00000000ebf80000, 0x0000000100000000)
  eden space 130560K, 100% used [0x00000000e0000000,0x00000000e7f80000,0x00000000e7f80000)
  from space 6144K, 98% used [0x00000000e9c00000,0x00000000ea1e5e68,0x00000000ea200000)
  to   space 26624K, 0% used [0x00000000ea580000,0x00000000ea580000,0x00000000ebf80000)
 ParOldGen       total 131072K, used 78662K [0x00000000a0000000, 0x00000000a8000000, 0x00000000e0000000)
  object space 131072K, 60% used [0x00000000a0000000,0x00000000a4cd1850,0x00000000a8000000)
 Metaspace       used 87473K, capacity 94786K, committed 94976K, reserved 1132544K
  class space    used 11215K, capacity 12256K, committed 12288K, reserved 1048576K
Event: 10105.947 GC heap after
Heap after GC invocations=35 (full 3):
 PSYoungGen      total 136704K, used 8123K [0x00000000e0000000, 0x00000000eaf80000, 0x0000000100000000)
  eden space 126464K, 0% used [0x00000000e0000000,0x00000000e0000000,0x00000000e7b80000)
  from space 10240K, 79% used [0x00000000ea580000,0x00000000ead6eca8,0x00000000eaf80000)
  to   space 26624K, 0% used [0x00000000e7b80000,0x00000000e7b80000,0x00000000e9580000)
 ParOldGen       total 131072K, used 78742K [0x00000000a0000000, 0x00000000a8000000, 0x00000000e0000000)
  object space 131072K, 60% used [0x00000000a0000000,0x00000000a4ce5850,0x00000000a8000000)
 Metaspace       used 87473K, capacity 94786K, committed 94976K, reserved 1132544K
  class space    used 11215K, capacity 12256K, committed 12288K, reserved 1048576K
}
Event: 10244.346 GC heap before
{Heap before GC invocations=36 (full 3):
 PSYoungGen      total 136704K, used 134587K [0x00000000e0000000, 0x00000000eaf80000, 0x0000000100000000)
  eden space 126464K, 100% used [0x00000000e0000000,0x00000000e7b80000,0x00000000e7b80000)
  from space 10240K, 79% used [0x00000000ea580000,0x00000000ead6eca8,0x00000000eaf80000)
  to   space 26624K, 0% used [0x00000000e7b80000,0x00000000e7b80000,0x00000000e9580000)
 ParOldGen       total 131072K, used 78742K [0x00000000a0000000, 0x00000000a8000000, 0x00000000e0000000)
  object space 131072K, 60% used [0x00000000a0000000,0x00000000a4ce5850,0x00000000a8000000)
 Metaspace       used 87530K, capacity 94874K, committed 94976K, reserved 1132544K
  class space    used 11223K, capacity 12264K, committed 12288K, reserved 1048576K
Event: 10244.358 GC heap after
Heap after GC invocations=36 (full 3):
 PSYoungGen      total 130048K, used 7591K [0x00000000e0000000, 0x00000000eaa80000, 0x0000000100000000)
  eden space 122368K, 0% used [0x00000000e0000000,0x00000000e0000000,0x00000000e7780000)
  from space 7680K, 98% used [0x00000000e7b80000,0x00000000e82e9e58,0x00000000e8300000)
  to   space 26112K, 0% used [0x00000000e9100000,0x00000000e9100000,0x00000000eaa80000)
 ParOldGen       total 131072K, used 78846K [0x00000000a0000000, 0x00000000a8000000, 0x00000000e0000000)
  object space 131072K, 60% used [0x00000000a0000000,0x00000000a4cff850,0x00000000a8000000)
 Metaspace       used 87530K, capacity 94874K, committed 94976K, reserved 1132544K
  class space    used 11223K, capacity 12264K, committed 12288K, reserved 1048576K
}
Event: 10254.738 GC heap before
{Heap before GC invocations=37 (full 3):
 PSYoungGen      total 130048K, used 129959K [0x00000000e0000000, 0x00000000eaa80000, 0x0000000100000000)
  eden space 122368K, 100% used [0x00000000e0000000,0x00000000e7780000,0x00000000e7780000)
  from space 7680K, 98% used [0x00000000e7b80000,0x00000000e82e9e58,0x00000000e8300000)
  to   space 26112K, 0% used [0x00000000e9100000,0x00000000e9100000,0x00000000eaa80000)
 ParOldGen       total 131072K, used 78846K [0x00000000a0000000, 0x00000000a8000000, 0x00000000e0000000)
  object space 131072K, 60% used [0x00000000a0000000,0x00000000a4cff850,0x00000000a8000000)
 Metaspace       used 87576K, capacity 94944K, committed 94976K, reserved 1132544K
  class space    used 11223K, capacity 12265K, committed 12288K, reserved 1048576K
Event: 10254.753 GC heap after
Heap after GC invocations=37 (full 3):
 PSYoungGen      total 140288K, used 8392K [0x00000000e0000000, 0x00000000ea600000, 0x0000000100000000)
  eden space 118784K, 0% used [0x00000000e0000000,0x00000000e0000000,0x00000000e7400000)
  from space 21504K, 39% used [0x00000000e9100000,0x00000000e9932080,0x00000000ea600000)
  to   space 25600K, 0% used [0x00000000e7400000,0x00000000e7400000,0x00000000e8d00000)
 ParOldGen       total 131072K, used 79042K [0x00000000a0000000, 0x00000000a8000000, 0x00000000e0000000)
  object space 131072K, 60% used [0x00000000a0000000,0x00000000a4d30860,0x00000000a8000000)
 Metaspace       used 87576K, capacity 94944K, committed 94976K, reserved 1132544K
  class space    used 11223K, capacity 12265K, committed 12288K, reserved 1048576K
}
Event: 10701.400 GC heap before
{Heap before GC invocations=38 (full 3):
 PSYoungGen      total 140288K, used 127176K [0x00000000e0000000, 0x00000000ea600000, 0x0000000100000000)
  eden space 118784K, 100% used [0x00000000e0000000,0x00000000e7400000,0x00000000e7400000)
  from space 21504K, 39% used [0x00000000e9100000,0x00000000e9932080,0x00000000ea600000)
  to   space 25600K, 0% used [0x00000000e7400000,0x00000000e7400000,0x00000000e8d00000)
 ParOldGen       total 131072K, used 79042K [0x00000000a0000000, 0x00000000a8000000, 0x00000000e0000000)
  object space 131072K, 60% used [0x00000000a0000000,0x00000000a4d30860,0x00000000a8000000)
 Metaspace       used 87639K, capacity 95106K, committed 95232K, reserved 1132544K
  class space    used 11232K, capacity 12274K, committed 12288K, reserved 1048576K
Event: 10701.409 GC heap after
Heap after GC invocations=38 (full 3):
 PSYoungGen      total 123392K, used 8007K [0x00000000e0000000, 0x00000000ea080000, 0x0000000100000000)
  eden space 115200K, 0% used [0x00000000e0000000,0x00000000e0000000,0x00000000e7080000)
  from space 8192K, 97% used [0x00000000e7400000,0x00000000e7bd1e78,0x00000000e7c00000)
  to   space 24576K, 0% used [0x00000000e8880000,0x00000000e8880000,0x00000000ea080000)
 ParOldGen       total 131072K, used 79098K [0x00000000a0000000, 0x00000000a8000000, 0x00000000e0000000)
  object space 131072K, 60% used [0x00000000a0000000,0x00000000a4d3e860,0x00000000a8000000)
 Metaspace       used 87639K, capacity 95106K, committed 95232K, reserved 1132544K
  class space    used 11232K, capacity 12274K, committed 12288K, reserved 1048576K
}

Deoptimization events (10 events):
Event: 10105.356 Thread 0x00000000582e9800 Uncommon trap: reason=array_check action=maybe_recompile pc=0x000000000280fa60 method=java.util.TimSort.reverseRange([Ljava/lang/Object;II)V @ 27
Event: 10696.765 Thread 0x000000005cfa1800 Uncommon trap: reason=class_check action=maybe_recompile pc=0x0000000004dc5194 method=org.gradle.model.internal.core.AbstractModelAction.<init>(Lorg/gradle/model/internal/core/ModelReference;Lorg/gradle/model/internal/core/rule/describe/ModelRuleDescriptor‚fãàaäÄ@
Event: 10696.765 Thread 0x000000005cfa1800 Uncommon trap: reason=class_check action=maybe_recompile pc=0x0000000004dc5194 method=org.gradle.model.internal.core.AbstractModelAction.<init>(Lorg/gradle/model/internal/core/ModelReference;Lorg/gradle/model/internal/core/rule/describe/ModelRuleDescriptorÜŸ5âaäÄ@
Event: 10696.765 Thread 0x000000005cfa1800 Uncommon trap: reason=class_check action=maybe_recompile pc=0x0000000004dc5194 method=org.gradle.model.internal.core.AbstractModelAction.<init>(Lorg/gradle/model/internal/core/ModelReference;Lorg/gradle/model/internal/core/rule/describe/ModelRuleDescriptorCÍ\ãaäÄ@
Event: 10696.765 Thread 0x000000005cfa1800 Uncommon trap: reason=class_check action=maybe_recompile pc=0x0000000004dc5194 method=org.gradle.model.internal.core.AbstractModelAction.<init>(Lorg/gradle/model/internal/core/ModelReference;Lorg/gradle/model/internal/core/rule/describe/ModelRuleDescriptor†|ÄbäÄ@
Event: 10696.772 Thread 0x000000005cfa1800 Uncommon trap: reason=class_check action=maybe_recompile pc=0x0000000003c2bd1c method=java.util.Collections$UnmodifiableMap$UnmodifiableEntrySet$UnmodifiableEntry.<init>(Ljava/util/Map$Entry;)V @ 9
Event: 10696.772 Thread 0x000000005cfa1800 Uncommon trap: reason=class_check action=maybe_recompile pc=0x0000000003c2bd1c method=java.util.Collections$UnmodifiableMap$UnmodifiableEntrySet$UnmodifiableEntry.<init>(Ljava/util/Map$Entry;)V @ 9
Event: 10696.772 Thread 0x000000005cfa1800 Uncommon trap: reason=class_check action=maybe_recompile pc=0x0000000003c2bd1c method=java.util.Collections$UnmodifiableMap$UnmodifiableEntrySet$UnmodifiableEntry.<init>(Ljava/util/Map$Entry;)V @ 9
Event: 10696.773 Thread 0x000000005cfa1800 Uncommon trap: reason=class_check action=maybe_recompile pc=0x0000000003c2bd1c method=java.util.Collections$UnmodifiableMap$UnmodifiableEntrySet$UnmodifiableEntry.<init>(Ljava/util/Map$Entry;)V @ 9
Event: 10701.795 Thread 0x000000005cfa1800 Uncommon trap: reason=null_check action=make_not_entrant pc=0x0000000003ea2e84 method=java.lang.ThreadLocal$ThreadLocalMap.set(Ljava/lang/ThreadLocal;Ljava/lang/Object;)V @ 36

Internal exceptions (10 events):
Event: 10700.019 Thread 0x000000005cfa1800 Exception <a 'sun/nio/fs/WindowsException'> (0x00000000e6876b80) thrown at [C:\src\android\AOSP-openjdk\external\jetbrains\jdk\hotspot\src\share\vm\prims\jni.cpp, line 709]
Event: 10700.020 Thread 0x000000005cfa1800 Exception <a 'sun/nio/fs/WindowsException'> (0x00000000e68795a0) thrown at [C:\src\android\AOSP-openjdk\external\jetbrains\jdk\hotspot\src\share\vm\prims\jni.cpp, line 709]
Event: 10700.020 Thread 0x000000005cfa1800 Exception <a 'sun/nio/fs/WindowsException'> (0x00000000e6879ed0) thrown at [C:\src\android\AOSP-openjdk\external\jetbrains\jdk\hotspot\src\share\vm\prims\jni.cpp, line 709]
Event: 10700.020 Thread 0x000000005cfa1800 Exception <a 'sun/nio/fs/WindowsException'> (0x00000000e687b9d0) thrown at [C:\src\android\AOSP-openjdk\external\jetbrains\jdk\hotspot\src\share\vm\prims\jni.cpp, line 709]
Event: 10700.020 Thread 0x000000005cfa1800 Exception <a 'sun/nio/fs/WindowsException'> (0x00000000e687c320) thrown at [C:\src\android\AOSP-openjdk\external\jetbrains\jdk\hotspot\src\share\vm\prims\jni.cpp, line 709]
Event: 10700.020 Thread 0x000000005cfa1800 Exception <a 'sun/nio/fs/WindowsException'> (0x00000000e687e900) thrown at [C:\src\android\AOSP-openjdk\external\jetbrains\jdk\hotspot\src\share\vm\prims\jni.cpp, line 709]
Event: 10700.020 Thread 0x000000005cfa1800 Exception <a 'sun/nio/fs/WindowsException'> (0x00000000e687f260) thrown at [C:\src\android\AOSP-openjdk\external\jetbrains\jdk\hotspot\src\share\vm\prims\jni.cpp, line 709]
Event: 10700.020 Thread 0x000000005cfa1800 Exception <a 'sun/nio/fs/WindowsException'> (0x00000000e6880dd8) thrown at [C:\src\android\AOSP-openjdk\external\jetbrains\jdk\hotspot\src\share\vm\prims\jni.cpp, line 709]
Event: 10700.020 Thread 0x000000005cfa1800 Exception <a 'sun/nio/fs/WindowsException'> (0x00000000e6881758) thrown at [C:\src\android\AOSP-openjdk\external\jetbrains\jdk\hotspot\src\share\vm\prims\jni.cpp, line 709]
Event: 10701.795 Thread 0x000000005cfa1800 Implicit null exception at 0x0000000003ea2bff to 0x0000000003ea2e59

Events (10 events):
Event: 10701.400 Executing VM operation: ParallelGCFailedAllocation
Event: 10701.410 Executing VM operation: ParallelGCFailedAllocation done
Event: 10701.795 Thread 0x000000005cfa1800 Uncommon trap: trap_request=0xfffffff4 fr.pc=0x0000000003ea2e84
Event: 10701.795 Thread 0x000000005cfa1800 DEOPT PACKING pc=0x0000000003ea2e84 sp=0x000000005b5eb840
Event: 10701.795 Thread 0x000000005cfa1800 DEOPT UNPACKING pc=0x000000000241556a sp=0x000000005b5eb700 mode 2
Event: 10701.838 Thread 0x000000005cad2000 Thread added: 0x000000005cad2000
Event: 10702.655 Executing VM operation: RevokeBias
Event: 10702.655 Executing VM operation: RevokeBias done
Event: 10702.921 Thread 0x000000005cfa1800 DEOPT PACKING pc=0x0000000004b886a7 sp=0x000000005b5eae50
Event: 10702.921 Thread 0x000000005cfa1800 DEOPT UNPACKING pc=0x00000000024175bf sp=0x000000005b5eabd8 mode 0


Dynamic libraries:
0x000000013fa70000 - 0x000000013faa1000 	C:\Program Files\Android\Android Studio\jre\bin\java.exe
0x0000000077650000 - 0x00000000777fa000 	C:\windows\SYSTEM32\ntdll.dll
0x0000000077430000 - 0x000000007754f000 	C:\windows\system32\kernel32.dll
0x000007fefd420000 - 0x000007fefd48a000 	C:\windows\system32\KERNELBASE.dll
0x000007fefe210000 - 0x000007fefe2eb000 	C:\windows\system32\ADVAPI32.dll
0x000007feff790000 - 0x000007feff82f000 	C:\windows\system32\msvcrt.dll
0x000007fefe2f0000 - 0x000007fefe30f000 	C:\windows\SYSTEM32\sechost.dll
0x000007feff830000 - 0x000007feff95d000 	C:\windows\system32\RPCRT4.dll
0x0000000077550000 - 0x000000007764a000 	C:\windows\system32\USER32.dll
0x000007feff720000 - 0x000007feff787000 	C:\windows\system32\GDI32.dll
0x000007feff180000 - 0x000007feff18e000 	C:\windows\system32\LPK.dll
0x000007feff0b0000 - 0x000007feff17a000 	C:\windows\system32\USP10.dll
0x000007fefb610000 - 0x000007fefb804000 	C:\windows\WinSxS\amd64_microsoft.windows.common-controls_6595b64144ccf1df_6.0.7601.18837_none_fa3b1e3d17594757\COMCTL32.dll
0x000007fefd720000 - 0x000007fefd791000 	C:\windows\system32\SHLWAPI.dll
0x000007fefdf10000 - 0x000007fefdf3e000 	C:\windows\system32\IMM32.DLL
0x000007feff520000 - 0x000007feff629000 	C:\windows\system32\MSCTF.dll
0x000000006ef80000 - 0x000000006f052000 	C:\Program Files\Android\Android Studio\jre\jre\bin\msvcr100.dll
0x0000000069e80000 - 0x000000006a6bc000 	C:\Program Files\Android\Android Studio\jre\jre\bin\server\jvm.dll
0x000007fef1340000 - 0x000007fef1349000 	C:\windows\system32\WSOCK32.dll
0x000007feff630000 - 0x000007feff67d000 	C:\windows\system32\WS2_32.dll
0x000007feff0a0000 - 0x000007feff0a8000 	C:\windows\system32\NSI.dll
0x000007fefb230000 - 0x000007fefb26b000 	C:\windows\system32\WINMM.dll
0x000007fefc360000 - 0x000007fefc36c000 	C:\windows\system32\VERSION.dll
0x0000000077810000 - 0x0000000077817000 	C:\windows\system32\PSAPI.DLL
0x000007fef1350000 - 0x000007fef135f000 	C:\Program Files\Android\Android Studio\jre\jre\bin\verify.dll
0x000007fef12e0000 - 0x000007fef1309000 	C:\Program Files\Android\Android Studio\jre\jre\bin\java.dll
0x000007fef1320000 - 0x000007fef1336000 	C:\Program Files\Android\Android Studio\jre\jre\bin\zip.dll
0x000007fefe310000 - 0x000007feff099000 	C:\windows\system32\SHELL32.dll
0x000007fefd880000 - 0x000007fefda7c000 	C:\windows\system32\ole32.dll
0x000007fefd340000 - 0x000007fefd34f000 	C:\windows\system32\profapi.dll
0x000007fef12c0000 - 0x000007fef12da000 	C:\Program Files\Android\Android Studio\jre\jre\bin\net.dll
0x000007fefcab0000 - 0x000007fefcb05000 	C:\windows\system32\mswsock.dll
0x000007fefcaa0000 - 0x000007fefcaa7000 	C:\windows\System32\wship6.dll
0x000007fef12a0000 - 0x000007fef12b1000 	C:\Program Files\Android\Android Studio\jre\jre\bin\nio.dll
0x000007fefbff0000 - 0x000007fefc00e000 	C:\Users\Administrator\.gradle\native\23\windows-amd64\native-platform.dll
0x000007fefcb10000 - 0x000007fefcb28000 	C:\windows\system32\CRYPTSP.dll
0x000007fefc810000 - 0x000007fefc857000 	C:\windows\system32\rsaenh.dll
0x000007fefd3a0000 - 0x000007fefd3be000 	C:\windows\system32\USERENV.dll
0x000007fefd1a0000 - 0x000007fefd1af000 	C:\windows\system32\CRYPTBASE.dll
0x000007fefae10000 - 0x000007fefae37000 	C:\windows\system32\IPHLPAPI.DLL
0x000007fefae00000 - 0x000007fefae0b000 	C:\windows\system32\WINNSI.DLL
0x000007fef9cb0000 - 0x000007fef9cc1000 	C:\windows\system32\dhcpcsvc6.DLL
0x000007fef9c90000 - 0x000007fef9ca8000 	C:\windows\system32\dhcpcsvc.DLL
0x000007fef1310000 - 0x000007fef131d000 	C:\Program Files\Android\Android Studio\jre\jre\bin\management.dll
0x000007fefd140000 - 0x000007fefd197000 	C:\windows\system32\apphelp.dll

VM Arguments:
jvm_args: -Xmx1536m -Dfile.encoding=GBK -Duser.country=CN -Duser.language=zh -Duser.variant 
java_command: org.gradle.launcher.daemon.bootstrap.GradleDaemon 3.3
java_class_path (initial): C:\Users\Administrator\.gradle\wrapper\dists\gradle-3.3-all\55gk2rcmfc6p2dg9u9ohc3hw9\gradle-3.3\lib\gradle-launcher-3.3.jar
Launcher Type: SUN_STANDARD

Environment Variables:
JAVA_HOME=C:\Program Files (x86)\Java\jdk1.8.0_131
CLASSPATH=.;C:\Program Files (x86)\Java\jdk1.8.0_131\lib;C:\Program Files (x86)\Java\jdk1.8.0_131\lib\tools.jar;
PATH=C:\Program Files (x86)\Java\jdk1.8.0_131\bin;C:\Program Files (x86)\Java\jdk1.8.0_131\jre\bin;C:\ProgramData\Oracle\Java\javapath;C:\windows\system32;C:\windows;C:\windows\System32\Wbem;C:\windows\System32\WindowsPowerShell\v1.0\;C:\Program Files (x86)\NVIDIA Corporation\PhysX\Common;C:\Program Files\Git\cmd
USERNAME=Administrator
OS=Windows_NT
PROCESSOR_IDENTIFIER=Intel64 Family 6 Model 42 Stepping 7, GenuineIntel



---------------  S Y S T E M  ---------------

OS: Windows 7 , 64 bit Build 7601 (6.1.7601.23796)

CPU:total 4 (4 cores per cpu, 1 threads per core) family 6 model 42 stepping 7, cmov, cx8, fxsr, mmx, sse, sse2, sse3, ssse3, sse4.1, sse4.2, popcnt, avx, aes, clmul, tsc, tscinvbit

Memory: 4k page, physical 8371576k(2920060k free), swap 8369716k(5140k free)

vm_info: OpenJDK 64-Bit Server VM (25.112-b06) for windows-amd64 JRE (1.8.0_112-release-b06), built on Dec  8 2016 00:54:26 by "builder" with MS VC++ 10.0 (VS2010)

time: Wed Sep 13 11:31:10 2017
elapsed time: 10702 seconds (0d 2h 58m 22s)

